INFO:root:*************************
INFO:root:***Initialized - appmode RTC***
INFO:root:eggserial egg008042ad25080131, eggtype CO2, firmware version 2.2.2
INFO:root:wdpass True, slotpass True,  spipass True, sdpass True, sht25pass True, rtcpass True, esppass True 
INFO:root:PASSED all self tests
INFO:root:setting NTP time...
INFO:root:FAIL - tz offset: -4.000000000  NTP set: False
INFO:root:restarting...
INFO:root:Connected to "WickedDevice"...OK.
DEBUG:root:debug: ntp test
DEBUG:root:18:31:14
DEBUG:root:18:31:28
DEBUG:root:31
DEBUG:root:31
DEBUG:root:Debug!  time is within 5 mins of system time
INFO:root:PASS - tz offset: -4.000000000  NTP set: True
INFO:root:publishing online mqtt data
INFO:root:['Timestamp,Temperature[degC],Humidity[percent],CO2[ppm],Pressure[Pa],Latitude[deg],Longitude[deg],Altitude[m]']
INFO:root:10/16/17 18:31:36,26.23,32.00,505.0,0.0,---,---,---
DEBUG:root:reconnecting to port /dev/ttyUSB0
INFO:root:setting offline mode...
INFO:root:reading files on SD card...
DEBUG:root:deleted all csv files from SD...
INFO:root:restarting...
INFO:root:writing offline data to SD
INFO:root:['Timestamp,Temperature[degC],Humidity[percent],CO2[ppm],Pressure[Pa],Latitude[deg],Longitude[deg],Altitude[m]']
INFO:root:10/16/17 18:33:51,26.06,33.33,530.0,0.0,---,---,---
INFO:root:restarting...
DEBUG:root:reconnecting to port /dev/ttyUSB0
INFO:root:reading files on SD card...
