INFO:root:*************************
INFO:root:***Initialized - appmode RTC***
INFO:root:eggserial egg00804222101b0123, eggtype CO2, firmware version 2.2.2
INFO:root:wdpass True, slotpass True,  spipass True, sdpass True, sht25pass True, rtcpass True, esppass True 
INFO:root:PASSED all self tests
INFO:root:setting NTP time...
INFO:root:FAIL - tz offset: -4.000000000  NTP set: False
INFO:root:restarting...
INFO:root:Connected to "WickedDevice"...OK.
DEBUG:root:debug: ntp test
DEBUG:root:14:03:31
DEBUG:root:14:02:40
DEBUG:root:03
DEBUG:root:02
DEBUG:root:Debug!  time is within 5 mins of system time
INFO:root:PASS - tz offset: -4.000000000  NTP set: True
INFO:root:publishing online mqtt data
INFO:root:['Timestamp,Temperature[degC],Humidity[percent],CO2[ppm],Pressure[Pa],Latitude[deg],Longitude[deg],Altitude[m]']
INFO:root:10/16/17 14:02:48,26.58,32.38,598.0,0.0,---,---,---
DEBUG:root:reconnecting to port COM233
INFO:root:setting offline mode...
INFO:root:restarting...
INFO:root:writing offline data to SD
INFO:root:['Timestamp,Temperature[degC],Humidity[percent],CO2[ppm],Pressure[Pa],Latitude[deg],Longitude[deg],Altitude[m]']
INFO:root:10/16/17 14:03:42,26.58,32.23,619.0,0.0,---,---,---
INFO:root:10/16/17 14:04:42,26.60,32.17,619.7,---,---,---,---
INFO:root:restarting...
DEBUG:root:reconnecting to port COM233
INFO:root:reading files on SD card...
DEBUG:root:Finished downloading...
DEBUG:root:deleted all csv files from SD...
INFO:root:egg00804222101b0123
INFO:root:
INFO:root:
INFO:root:PASS
INFO:root:Firmware version 2.2.2
INFO:root:PASS
INFO:root:tz set to -4.000000000
INFO:root:PASS - NTP time is correct
INFO:root:PASS - real time clock set up and correct
INFO:root:PASS - tz offset: -4.000000000  NTP set: True
INFO:root:PASS - all self tests okay
INFO:root:PASS - connected successfully to wifi
INFO:root:PASS - connected successfully to MQTT
INFO:root:PASS - egg passes all tests.  Ready to pack
INFO:root:***************************************
INFO:root: 
INFO:root: 
INFO:root:*************************
INFO:root:***Initialized - appmode RTC***
INFO:root:eggserial egg008042f921080120, eggtype CO2, firmware version 2.2.2
INFO:root:wdpass True, slotpass True,  spipass True, sdpass True, sht25pass True, rtcpass True, esppass True 
INFO:root:PASSED all self tests
INFO:root:setting NTP time...
INFO:root:PASS - tz offset: -4.000000000  NTP set: True
INFO:root:restarting...
INFO:root:Connected to "WickedDevice"...OK.
DEBUG:root:debug: ntp test
DEBUG:root:14:07:44
DEBUG:root:14:06:56
DEBUG:root:07
DEBUG:root:06
DEBUG:root:Debug!  time is within 5 mins of system time
INFO:root:PASS - tz offset: -4.000000000  NTP set: True
INFO:root:writing offline data to SD
INFO:root:['Timestamp,Temperature[degC],Humidity[percent],CO2[ppm],Pressure[Pa],Latitude[deg],Longitude[deg],Altitude[m]']
INFO:root:10/16/17 14:07:04,25.60,30.76,633.0,0.0,---,---,---
DEBUG:root:reconnecting to port COM233
INFO:root:setting offline mode...
INFO:root:restarting...
INFO:root:writing offline data to SD
INFO:root:['Timestamp,Temperature[degC],Humidity[percent],CO2[ppm],Pressure[Pa],Latitude[deg],Longitude[deg],Altitude[m]']
INFO:root:10/16/17 14:07:48,25.58,31.16,643.0,0.0,---,---,---
INFO:root:restarting...
DEBUG:root:reconnecting to port COM233
INFO:root:reading files on SD card...
DEBUG:root:Finished downloading...
DEBUG:root:deleted all csv files from SD...
INFO:root:egg008042f921080120
INFO:root:
INFO:root:
INFO:root:PASS
INFO:root:Firmware version 2.2.2
INFO:root:PASS
INFO:root:tz set to -4.000000000
INFO:root:PASS - NTP time is correct
INFO:root:PASS - real time clock set up and correct
INFO:root:PASS - tz offset: -4.000000000  NTP set: True
INFO:root:PASS - all self tests okay
INFO:root:PASS - connected successfully to wifi
INFO:root:PASS - connected successfully to MQTT
INFO:root:PASS - egg passes all tests.  Ready to pack
INFO:root:***************************************
INFO:root: 
INFO:root: 
INFO:root:*************************
INFO:root:***Initialized - appmode RTC***
INFO:root:eggserial egg00804266f30b0122, eggtype CO2, firmware version 2.2.2
INFO:root:wdpass True, slotpass True,  spipass True, sdpass True, sht25pass True, rtcpass False, esppass True 
INFO:root:setting NTP time...
INFO:root:FAIL - tz offset: 0.000000000  NTP set: False
INFO:root:restarting...
INFO:root:Connected to "WickedDevice"...OK.
DEBUG:root:debug: ntp test
DEBUG:root:14:12:07
DEBUG:root:14:11:12
DEBUG:root:12
DEBUG:root:11
DEBUG:root:Debug!  time is within 5 mins of system time
INFO:root:PASS - tz offset: 0.000000000  NTP set: True
INFO:root:publishing online mqtt data
INFO:root:['Timestamp,Temperature[degC],Humidity[percent],CO2[ppm],Pressure[Pa],Latitude[deg],Longitude[deg],Altitude[m]']
INFO:root:10/16/17 14:11:20,23.89,31.67,620.0,0.0,---,---,---
DEBUG:root:reconnecting to port COM233
INFO:root:setting offline mode...
INFO:root:restarting...
INFO:root:writing offline data to SD
INFO:root:['Timestamp,Temperature[degC],Humidity[percent],CO2[ppm],Pressure[Pa],Latitude[deg],Longitude[deg],Altitude[m]']
INFO:root:10/16/17 14:12:04,24.05,31.22,610.0,0.0,---,---,---
INFO:root:10/16/17 14:13:04,24.15,31.01,603.0,---,---,---,---
INFO:root:restarting...
DEBUG:root:reconnecting to port COM233
INFO:root:reading files on SD card...
DEBUG:root:Finished downloading...
DEBUG:root:deleted all csv files from SD...
INFO:root:egg00804266f30b0122
INFO:root:
INFO:root:
INFO:root:PASS
INFO:root:Firmware version 2.2.2
INFO:root:PASS
INFO:root:tz set to -4.000000000
INFO:root:PASS - NTP time is correct
INFO:root:PASS - real time clock set up and correct
INFO:root:PASS - tz offset: -4.000000000  NTP set: True
INFO:root:PASS - all self tests okay
INFO:root:PASS - connected successfully to wifi
INFO:root:PASS - connected successfully to MQTT
INFO:root:PASS - egg passes all tests.  Ready to pack
INFO:root:***************************************
INFO:root: 
INFO:root: 
INFO:root:*************************
INFO:root:***Initialized - appmode RTC***
INFO:root:eggserial egg00804266f30b0122, eggtype CO2, firmware version 2.2.2
INFO:root:wdpass True, slotpass True,  spipass True, sdpass True, sht25pass True, rtcpass True, esppass True 
INFO:root:PASSED all self tests
INFO:root:setting NTP time...
INFO:root:FAIL - tz offset: -4.000000000  NTP set: False
INFO:root:restarting...
INFO:root:Connected to "WickedDevice"...OK.
DEBUG:root:debug: ntp test
DEBUG:root:reconnecting to port COM233
INFO:root:setting offline mode...
INFO:root:reading files on SD card...
DEBUG:root:deleted all csv files from SD...
INFO:root:restarting...
INFO:root:writing offline data to SD
INFO:root:['Timestamp,Temperature[degC],Humidity[percent],CO2[ppm],Pressure[Pa],Latitude[deg],Longitude[deg],Altitude[m]']
INFO:root:10/16/17 14:33:38,25.99,26.52,576.0,0.0,---,---,---
INFO:root:10/16/17 14:34:38,26.00,26.57,573.7,---,---,---,---
INFO:root:10/16/17 14:35:38,26.00,26.70,568.5,---,---,---,---
INFO:root:restarting...
DEBUG:root:reconnecting to port COM233
INFO:root:reading files on SD card...
DEBUG:root:Finished downloading...
DEBUG:root:deleted all csv files from SD...
INFO:root:egg00804266f30b0122
INFO:root:
INFO:root:
INFO:root:PASS
INFO:root:Firmware version 2.2.2
INFO:root:PASS
INFO:root:tz set to -4.000000000
INFO:root:FAIL - NTP time differs from local time
INFO:root:FAIL - real time clock incorrect
INFO:root:FAIL - tz offset: -4.000000000  NTP set: False
INFO:root:PASS - all self tests okay
INFO:root:PASS - connected successfully to wifi
INFO:root:FAIL - did not connect to MQTT
INFO:root:PASS - egg passes all tests.  Ready to pack
INFO:root:***************************************
INFO:root: 
INFO:root: 
INFO:root:*************************
INFO:root:***Initialized - appmode RTC***
INFO:root:eggserial egg00804222101b0123, eggtype CO2, firmware version 2.2.2
INFO:root:wdpass True, slotpass True,  spipass True, sdpass True, sht25pass True, rtcpass True, esppass True 
INFO:root:PASSED all self tests
INFO:root:setting NTP time...
INFO:root:FAIL - tz offset: -4.000000000  NTP set: False
INFO:root:restarting...
INFO:root:Connected to "WickedDevice"...OK.
DEBUG:root:debug: ntp test
DEBUG:root:14:38:58
DEBUG:root:14:41:04
DEBUG:root:38
DEBUG:root:41
DEBUG:root:Debug!  time is within 5 mins of system time
INFO:root:PASS - tz offset: -4.000000000  NTP set: True
INFO:root:writing offline data to SD
INFO:root:['Timestamp,Temperature[degC],Humidity[percent],CO2[ppm],Pressure[Pa],Latitude[deg],Longitude[deg],Altitude[m]']
INFO:root:10/16/17 14:41:12,26.26,31.71,570.0,0.0,---,---,---
DEBUG:root:reconnecting to port COM233
INFO:root:setting offline mode...
INFO:root:reading files on SD card...
DEBUG:root:deleted all csv files from SD...
INFO:root:restarting...
INFO:root:writing offline data to SD
INFO:root:['Timestamp,Temperature[degC],Humidity[percent],CO2[ppm],Pressure[Pa],Latitude[deg],Longitude[deg],Altitude[m]']
INFO:root:10/16/17 14:42:13,26.32,31.49,639.0,0.0,---,---,---
INFO:root:restarting...
DEBUG:root:reconnecting to port COM233
INFO:root:reading files on SD card...
DEBUG:root:Finished downloading...
DEBUG:root:deleted all csv files from SD...
INFO:root:egg00804222101b0123
INFO:root:
INFO:root:
INFO:root:PASS
INFO:root:Firmware version 2.2.2
INFO:root:PASS
INFO:root:tz set to -4.000000000
INFO:root:PASS - NTP time is correct
INFO:root:PASS - real time clock set up and correct
INFO:root:PASS - tz offset: -4.000000000  NTP set: True
INFO:root:PASS - all self tests okay
INFO:root:PASS - connected successfully to wifi
INFO:root:PASS - connected successfully to MQTT
INFO:root:PASS - egg passes all tests.  Ready to pack
INFO:root:***************************************
INFO:root: 
INFO:root: 
INFO:root:*************************
INFO:root:***Initialized - appmode RTC***
INFO:root:eggserial egg008041316a8b0133, eggtype CO2, firmware version 2.2.2
INFO:root:wdpass True, slotpass True,  spipass True, sdpass True, sht25pass True, rtcpass True, esppass True 
INFO:root:PASSED all self tests
INFO:root:setting NTP time...
INFO:root:FAIL - tz offset: -4.000000000  NTP set: False
INFO:root:restarting...
INFO:root:Connected to "WickedDevice"...OK.
DEBUG:root:debug: ntp test
DEBUG:root:15:03:56
DEBUG:root:15:02:24
DEBUG:root:03
DEBUG:root:02
DEBUG:root:Debug!  time is within 5 mins of system time
INFO:root:PASS - tz offset: -4.000000000  NTP set: True
INFO:root:publishing online mqtt data
INFO:root:['Timestamp,Temperature[degC],Humidity[percent],CO2[ppm],Pressure[Pa],Latitude[deg],Longitude[deg],Altitude[m]']
INFO:root:10/16/17 15:02:32,25.68,34.91,586.0,0.0,---,---,---
DEBUG:root:reconnecting to port COM231
INFO:root:setting offline mode...
INFO:root:reading files on SD card...
INFO:root:*************************
INFO:root:***Initialized - appmode RTC***
INFO:root:eggserial egg008041316a8b0133, eggtype CO2, firmware version 2.2.2
INFO:root:wdpass True, slotpass True,  spipass True, sdpass True, sht25pass True, rtcpass True, esppass True 
INFO:root:PASSED all self tests
INFO:root:setting NTP time...
INFO:root:FAIL - tz offset: -4.000000000  NTP set: False
INFO:root:restarting...
INFO:root:Connected to "WickedDevice"...OK.
DEBUG:root:debug: ntp test
DEBUG:root:15:10:29
DEBUG:root:15:10:56
DEBUG:root:10
DEBUG:root:10
DEBUG:root:Debug!  time is within 5 mins of system time
INFO:root:PASS - tz offset: -4.000000000  NTP set: True
INFO:root:publishing online mqtt data
INFO:root:['Timestamp,Temperature[degC],Humidity[percent],CO2[ppm],Pressure[Pa],Latitude[deg],Longitude[deg],Altitude[m]']
INFO:root:10/16/17 15:11:04,26.06,34.22,541.0,0.0,---,---,---
DEBUG:root:reconnecting to port COM231
INFO:root:setting offline mode...
INFO:root:reading files on SD card...
INFO:root:*************************
INFO:root:***Initialized - appmode RTC***
INFO:root:eggserial egg008041316a8b0133, eggtype CO2, firmware version 2.2.2
INFO:root:wdpass True, slotpass True,  spipass True, sdpass True, sht25pass True, rtcpass True, esppass True 
INFO:root:PASSED all self tests
INFO:root:setting NTP time...
INFO:root:FAIL - tz offset: -4.000000000  NTP set: False
INFO:root:restarting...
INFO:root:Connected to "WickedDevice"...OK.
DEBUG:root:debug: ntp test
INFO:root:publishing online mqtt data
INFO:root:['Timestamp,Temperature[degC],Humidity[percent],CO2[ppm],Pressure[Pa],Latitude[deg],Longitude[deg],Altitude[m]']
INFO:root:10/16/17 15:15:53,26.30,36.44,675.0,0.0,---,---,---
DEBUG:root:reconnecting to port COM231
INFO:root:setting offline mode...
INFO:root:reading files on SD card...
INFO:root:*************************
INFO:root:***Initialized - appmode RTC***
INFO:root:*************************
INFO:root:***Initialized - appmode RTC***
INFO:root:*************************
INFO:root:***Initialized - appmode RTC***
INFO:root:eggserial egg008042504c1b0130, eggtype CO2, firmware version 2.2.2
INFO:root:wdpass True, slotpass True,  spipass True, sdpass True, sht25pass True, rtcpass True, esppass True 
INFO:root:PASSED all self tests
INFO:root:setting NTP time...
INFO:root:FAIL - tz offset: -4.000000000  NTP set: False
INFO:root:restarting...
INFO:root:Connected to "WickedDevice"...OK.
DEBUG:root:debug: ntp test
DEBUG:root:15:23:46
DEBUG:root:15:23:44
DEBUG:root:23
DEBUG:root:23
DEBUG:root:Debug!  time is within 5 mins of system time
INFO:root:PASS - tz offset: -4.000000000  NTP set: True
INFO:root:publishing online mqtt data
INFO:root:['Timestamp,Temperature[degC],Humidity[percent],CO2[ppm],Pressure[Pa],Latitude[deg],Longitude[deg],Altitude[m]']
INFO:root:10/16/17 15:23:52,27.09,31.36,576.0,0.0,---,---,---
DEBUG:root:reconnecting to port COM233
INFO:root:setting offline mode...
INFO:root:reading files on SD card...
INFO:root:*************************
INFO:root:***Initialized - appmode RTC***
INFO:root:eggserial egg008042504c1b0130, eggtype CO2, firmware version 2.2.2
INFO:root:wdpass True, slotpass True,  spipass True, sdpass True, sht25pass True, rtcpass True, esppass True 
INFO:root:PASSED all self tests
INFO:root:setting NTP time...
INFO:root:FAIL - tz offset: -4.000000000  NTP set: False
INFO:root:restarting...
INFO:root:Connected to "WickedDevice"...OK.
DEBUG:root:debug: ntp test
DEBUG:root:15:27:50
DEBUG:root:15:28:00
DEBUG:root:27
DEBUG:root:28
DEBUG:root:Debug!  time is within 5 mins of system time
INFO:root:PASS - tz offset: -4.000000000  NTP set: True
INFO:root:publishing online mqtt data
INFO:root:['Timestamp,Temperature[degC],Humidity[percent],CO2[ppm],Pressure[Pa],Latitude[deg],Longitude[deg],Altitude[m]']
INFO:root:10/16/17 15:28:08,26.96,31.42,569.0,0.0,---,---,---
DEBUG:root:reconnecting to port COM233
INFO:root:setting offline mode...
INFO:root:reading files on SD card...
DEBUG:root:deleted all csv files from SD...
INFO:root:restarting...
INFO:root:writing offline data to SD
INFO:root:['Timestamp,Temperature[degC],Humidity[percent],CO2[ppm],Pressure[Pa],Latitude[deg],Longitude[deg],Altitude[m]']
INFO:root:10/16/17 15:29:41,26.93,31.34,563.0,0.0,---,---,---
INFO:root:10/16/17 15:30:41,26.92,31.49,570.5,0.0,---,---,---
INFO:root:restarting...
DEBUG:root:reconnecting to port COM233
INFO:root:reading files on SD card...
INFO:root:*************************
INFO:root:***Initialized - appmode RTC***
INFO:root:eggserial egg008042504c1b0130, eggtype CO2, firmware version 2.2.2
INFO:root:wdpass True, slotpass True,  spipass True, sdpass True, sht25pass True, rtcpass True, esppass True 
INFO:root:PASSED all self tests
INFO:root:setting NTP time...
INFO:root:FAIL - tz offset: -4.000000000  NTP set: False
INFO:root:restarting...
INFO:root:Connected to "WickedDevice"...OK.
DEBUG:root:debug: ntp test
DEBUG:root:15:40:03
DEBUG:root:15:40:48
DEBUG:root:40
DEBUG:root:40
DEBUG:root:Debug!  time is within 5 mins of system time
INFO:root:PASS - tz offset: -4.000000000  NTP set: True
INFO:root:publishing online mqtt data
INFO:root:['Timestamp,Temperature[degC],Humidity[percent],CO2[ppm],Pressure[Pa],Latitude[deg],Longitude[deg],Altitude[m]']
INFO:root:10/16/17 15:40:56,26.84,31.34,561.0,0.0,---,---,---
DEBUG:root:reconnecting to port COM233
INFO:root:setting offline mode...
INFO:root:reading files on SD card...
DEBUG:root:deleted all csv files from SD...
INFO:root:restarting...
INFO:root:writing offline data to SD
INFO:root:['Timestamp,Temperature[degC],Humidity[percent],CO2[ppm],Pressure[Pa],Latitude[deg],Longitude[deg],Altitude[m]']
INFO:root:10/16/17 15:42:06,26.77,31.28,560.0,0.0,---,---,---
INFO:root:10/16/17 15:43:06,26.75,31.79,613.7,---,---,---,---
INFO:root:restarting...
DEBUG:root:reconnecting to port COM233
INFO:root:reading files on SD card...
DEBUG:root:Finished downloading...
INFO:root:*************************
INFO:root:***Initialized - appmode RTC***
INFO:root:eggserial egg008042504c1b0130, eggtype CO2, firmware version 2.2.2
INFO:root:wdpass True, slotpass True,  spipass True, sdpass True, sht25pass True, rtcpass True, esppass True 
INFO:root:PASSED all self tests
INFO:root:setting NTP time...
INFO:root:FAIL - tz offset: -4.000000000  NTP set: False
INFO:root:restarting...
INFO:root:Connected to "WickedDevice"...OK.
DEBUG:root:debug: ntp test
DEBUG:root:15:47:49
DEBUG:root:15:49:20
DEBUG:root:47
DEBUG:root:49
DEBUG:root:Debug!  time is within 5 mins of system time
INFO:root:PASS - tz offset: -4.000000000  NTP set: True
INFO:root:publishing online mqtt data
INFO:root:['Timestamp,Temperature[degC],Humidity[percent],CO2[ppm],Pressure[Pa],Latitude[deg],Longitude[deg],Altitude[m]']
INFO:root:10/16/17 15:49:28,26.76,31.12,555.0,0.0,---,---,---
DEBUG:root:reconnecting to port COM233
INFO:root:setting offline mode...
INFO:root:reading files on SD card...
DEBUG:root:deleted all csv files from SD...
INFO:root:restarting...
INFO:root:writing offline data to SD
INFO:root:['Timestamp,Temperature[degC],Humidity[percent],CO2[ppm],Pressure[Pa],Latitude[deg],Longitude[deg],Altitude[m]']
INFO:root:10/16/17 15:50:38,26.71,31.64,584.0,0.0,---,---,---
INFO:root:10/16/17 15:51:38,26.71,31.62,580.1,---,---,---,---
INFO:root:restarting...
DEBUG:root:reconnecting to port COM233
INFO:root:reading files on SD card...
DEBUG:root:Finished downloading...
DEBUG:root:deleted all csv files from SD...
INFO:root:egg008042504c1b0130
INFO:root:
INFO:root:
INFO:root:PASS
INFO:root:Firmware version 2.2.2
INFO:root:PASS
INFO:root:tz set to -4.000000000
INFO:root:PASS - NTP time is correct
INFO:root:PASS - real time clock set up and correct
INFO:root:PASS - tz offset: -4.000000000  NTP set: True
INFO:root:PASS - all self tests okay
INFO:root:PASS - connected successfully to wifi
INFO:root:PASS - connected successfully to MQTT
INFO:root:PASS - egg passes all tests.  Ready to pack
INFO:root:***************************************
INFO:root: 
INFO:root: 
INFO:root:*************************
INFO:root:***Initialized - appmode RTC***
INFO:root:eggserial egg0080420938080132, eggtype CO2, firmware version 2.2.2
INFO:root:wdpass True, slotpass True,  spipass True, sdpass True, sht25pass True, rtcpass True, esppass True 
INFO:root:PASSED all self tests
INFO:root:setting NTP time...
INFO:root:PASS - tz offset: -4.000000000  NTP set: True
INFO:root:restarting...
INFO:root:Connected to "WickedDevice"...OK.
DEBUG:root:debug: ntp test
DEBUG:root:15:53:20
DEBUG:root:15:53:36
DEBUG:root:53
DEBUG:root:53
DEBUG:root:Debug!  time is within 5 mins of system time
INFO:root:PASS - tz offset: -4.000000000  NTP set: True
INFO:root:writing offline data to SD
INFO:root:['Timestamp,Temperature[degC],Humidity[percent],CO2[ppm],Pressure[Pa],Latitude[deg],Longitude[deg],Altitude[m]']
INFO:root:10/16/17 15:53:44,25.83,33.53,632.0,0.0,---,---,---
DEBUG:root:reconnecting to port COM233
INFO:root:setting offline mode...
INFO:root:reading files on SD card...
DEBUG:root:deleted all csv files from SD...
INFO:root:restarting...
INFO:root:writing offline data to SD
INFO:root:['Timestamp,Temperature[degC],Humidity[percent],CO2[ppm],Pressure[Pa],Latitude[deg],Longitude[deg],Altitude[m]']
INFO:root:10/16/17 15:54:43,25.84,34.47,579.0,0.0,---,---,---
INFO:root:restarting...
DEBUG:root:reconnecting to port COM233
INFO:root:reading files on SD card...
DEBUG:root:Finished downloading...
DEBUG:root:deleted all csv files from SD...
INFO:root:egg0080420938080132
INFO:root:
INFO:root:
INFO:root:PASS
INFO:root:Firmware version 2.2.2
INFO:root:PASS
INFO:root:tz set to -4.000000000
INFO:root:PASS - NTP time is correct
INFO:root:PASS - real time clock set up and correct
INFO:root:PASS - tz offset: -4.000000000  NTP set: True
INFO:root:PASS - all self tests okay
INFO:root:PASS - connected successfully to wifi
INFO:root:PASS - connected successfully to MQTT
INFO:root:PASS - egg passes all tests.  Ready to pack
INFO:root:***************************************
INFO:root: 
INFO:root: 
INFO:root:*************************
INFO:root:***Initialized - appmode RTC***
INFO:root:eggserial egg0080420938080132, eggtype CO2, firmware version 2.2.2
INFO:root:wdpass True, slotpass True,  spipass True, sdpass True, sht25pass True, rtcpass True, esppass True 
INFO:root:PASSED all self tests
INFO:root:setting NTP time...
INFO:root:FAIL - tz offset: -4.000000000  NTP set: False
INFO:root:restarting...
INFO:root:Connected to "WickedDevice"...OK.
DEBUG:root:debug: ntp test
DEBUG:root:16:06:24
DEBUG:root:16:06:24
DEBUG:root:06
DEBUG:root:06
DEBUG:root:Debug!  time is within 5 mins of system time
INFO:root:PASS - tz offset: -4.000000000  NTP set: True
INFO:root:publishing online mqtt data
INFO:root:['Timestamp,Temperature[degC],Humidity[percent],CO2[ppm],Pressure[Pa],Latitude[deg],Longitude[deg],Altitude[m]']
INFO:root:10/16/17 16:06:32,26.71,31.73,546.0,0.0,---,---,---
DEBUG:root:reconnecting to port COM233
INFO:root:setting offline mode...
INFO:root:reading files on SD card...
DEBUG:root:deleted all csv files from SD...
INFO:root:restarting...
INFO:root:writing offline data to SD
INFO:root:['Timestamp,Temperature[degC],Humidity[percent],CO2[ppm],Pressure[Pa],Latitude[deg],Longitude[deg],Altitude[m]']
INFO:root:10/16/17 16:07:42,26.68,32.67,564.0,0.0,---,---,---
INFO:root:10/16/17 16:08:42,26.68,32.28,599.1,---,---,---,---
INFO:root:restarting...
DEBUG:root:reconnecting to port COM233
INFO:root:reading files on SD card...
DEBUG:root:Finished downloading...
DEBUG:root:deleted all csv files from SD...
INFO:root:egg0080420938080132
INFO:root:
INFO:root:
INFO:root:PASS
INFO:root:Firmware version 2.2.2
INFO:root:PASS
INFO:root:tz set to -4.000000000
INFO:root:PASS - NTP time is correct
INFO:root:PASS - real time clock set up and correct
INFO:root:PASS - tz offset: -4.000000000  NTP set: True
INFO:root:PASS - all self tests okay
INFO:root:PASS - connected successfully to wifi
INFO:root:PASS - connected successfully to MQTT
INFO:root:PASS - egg passes all tests.  Ready to pack
INFO:root:***************************************
INFO:root: 
INFO:root: 
INFO:root:*************************
INFO:root:***Initialized - appmode RTC***
INFO:root:*************************
INFO:root:***Initialized - appmode RTC***
INFO:root:eggserial egg0080420938080132, eggtype CO2, firmware version 2.2.2
INFO:root:wdpass True, slotpass True,  spipass True, sdpass True, sht25pass True, rtcpass True, esppass True 
INFO:root:PASSED all self tests
INFO:root:setting NTP time...
INFO:root:FAIL - tz offset: -4.000000000  NTP set: False
INFO:root:restarting...
INFO:root:Connected to "WickedDevice"...OK.
DEBUG:root:debug: ntp test
DEBUG:root:16:16:11
DEBUG:root:16:14:56
DEBUG:root:16
DEBUG:root:14
DEBUG:root:Debug!  time is within 5 mins of system time
INFO:root:PASS - tz offset: -4.000000000  NTP set: True
INFO:root:publishing online mqtt data
INFO:root:['Timestamp,Temperature[degC],Humidity[percent],CO2[ppm],Pressure[Pa],Latitude[deg],Longitude[deg],Altitude[m]']
INFO:root:10/16/17 16:15:04,26.77,33.20,578.0,0.0,---,---,---
DEBUG:root:reconnecting to port COM233
INFO:root:setting offline mode...
INFO:root:reading files on SD card...
DEBUG:root:deleted all csv files from SD...
INFO:root:restarting...
INFO:root:writing offline data to SD
INFO:root:['Timestamp,Temperature[degC],Humidity[percent],CO2[ppm],Pressure[Pa],Latitude[deg],Longitude[deg],Altitude[m]']
INFO:root:10/16/17 16:16:15,26.73,32.40,587.0,0.0,---,---,---
INFO:root:10/16/17 16:17:14,26.73,32.73,593.0,---,---,---,---
INFO:root:restarting...
DEBUG:root:reconnecting to port COM233
INFO:root:reading files on SD card...
DEBUG:root:Finished downloading...
DEBUG:root:deleted all csv files from SD...
INFO:root:egg0080420938080132
INFO:root:
INFO:root:
INFO:root:PASS
INFO:root:Firmware version 2.2.2
INFO:root:PASS
INFO:root:tz set to -4.000000000
INFO:root:PASS - NTP time is correct
INFO:root:PASS - real time clock set up and correct
INFO:root:PASS - tz offset: -4.000000000  NTP set: True
INFO:root:PASS - all self tests okay
INFO:root:PASS - connected successfully to wifi
INFO:root:PASS - connected successfully to MQTT
INFO:root:PASS - egg passes all tests.  Ready to pack
INFO:root:***************************************
INFO:root: 
INFO:root: 
INFO:root:*************************
INFO:root:***Initialized - appmode RTC***
INFO:root:eggserial egg0080420938080132, eggtype CO2, firmware version 2.2.2
INFO:root:wdpass True, slotpass True,  spipass True, sdpass True, sht25pass True, rtcpass True, esppass True 
INFO:root:PASSED all self tests
INFO:root:setting NTP time...
INFO:root:FAIL - tz offset: -4.000000000  NTP set: False
INFO:root:restarting...
INFO:root:Connected to "WickedDevice"...OK.
DEBUG:root:debug: ntp test
DEBUG:root:16:27:51
DEBUG:root:16:27:44
DEBUG:root:27
DEBUG:root:27
DEBUG:root:Debug!  time is within 5 mins of system time
INFO:root:PASS - tz offset: -4.000000000  NTP set: True
INFO:root:publishing online mqtt data
INFO:root:['Timestamp,Temperature[degC],Humidity[percent],CO2[ppm],Pressure[Pa],Latitude[deg],Longitude[deg],Altitude[m]']
INFO:root:10/16/17 16:27:52,26.80,32.01,604.0,0.0,---,---,---
DEBUG:root:reconnecting to port COM233
INFO:root:setting offline mode...
INFO:root:reading files on SD card...
DEBUG:root:deleted all csv files from SD...
INFO:root:restarting...
INFO:root:writing offline data to SD
INFO:root:['Timestamp,Temperature[degC],Humidity[percent],CO2[ppm],Pressure[Pa],Latitude[deg],Longitude[deg],Altitude[m]']
INFO:root:10/16/17 16:29:02,26.72,33.12,591.0,0.0,---,---,---
INFO:root:10/16/17 16:30:02,26.73,32.84,646.1,---,---,---,---
INFO:root:restarting...
DEBUG:root:reconnecting to port COM233
INFO:root:reading files on SD card...
INFO:root:*************************
INFO:root:***Initialized - appmode RTC***
INFO:root:eggserial egg0080420938080132, eggtype CO2, firmware version 2.2.2
INFO:root:wdpass True, slotpass True,  spipass True, sdpass True, sht25pass True, rtcpass True, esppass True 
INFO:root:PASSED all self tests
INFO:root:setting NTP time...
INFO:root:FAIL - tz offset: -4.000000000  NTP set: False
INFO:root:restarting...
INFO:root:Connected to "WickedDevice"...OK.
DEBUG:root:debug: ntp test
INFO:root:publishing online mqtt data
INFO:root:['Timestamp,Temperature[degC],Humidity[percent],CO2[ppm],Pressure[Pa],Latitude[deg],Longitude[deg],Altitude[m]']
INFO:root:10/16/17 16:33:32,26.64,32.55,556.0,0.0,---,---,---
DEBUG:root:reconnecting to port COM233
INFO:root:setting offline mode...
INFO:root:reading files on SD card...
INFO:root:*************************
INFO:root:***Initialized - appmode RTC***
INFO:root:eggserial egg0080420938080132, eggtype CO2, firmware version 2.2.2
INFO:root:wdpass True, slotpass True,  spipass True, sdpass True, sht25pass True, rtcpass True, esppass True 
INFO:root:PASSED all self tests
INFO:root:setting NTP time...
INFO:root:FAIL - tz offset: -4.000000000  NTP set: False
INFO:root:restarting...
INFO:root:Connected to "WickedDevice"...OK.
DEBUG:root:debug: ntp test
DEBUG:root:16:41:59
DEBUG:root:16:40:32
DEBUG:root:41
DEBUG:root:40
DEBUG:root:Debug!  time is within 5 mins of system time
INFO:root:PASS - tz offset: -4.000000000  NTP set: True
INFO:root:publishing online mqtt data
INFO:root:['Timestamp,Temperature[degC],Humidity[percent],CO2[ppm],Pressure[Pa],Latitude[deg],Longitude[deg],Altitude[m]']
INFO:root:10/16/17 16:40:40,26.58,31.63,546.0,0.0,---,---,---
DEBUG:root:reconnecting to port COM233
INFO:root:setting offline mode...
INFO:root:reading files on SD card...
INFO:root:*************************
INFO:root:***Initialized - appmode RTC***
INFO:root:eggserial egg0080420938080132, eggtype CO2, firmware version 2.2.2
INFO:root:wdpass True, slotpass True,  spipass True, sdpass True, sht25pass True, rtcpass True, esppass True 
INFO:root:PASSED all self tests
INFO:root:setting NTP time...
INFO:root:FAIL - tz offset: -4.000000000  NTP set: False
INFO:root:restarting...
INFO:root:Connected to "WickedDevice"...OK.
DEBUG:root:debug: ntp test
DEBUG:root:16:51:01
DEBUG:root:16:49:04
DEBUG:root:51
DEBUG:root:49
DEBUG:root:Debug!  time is within 5 mins of system time
INFO:root:PASS - tz offset: -4.000000000  NTP set: True
INFO:root:publishing online mqtt data
INFO:root:['Timestamp,Temperature[degC],Humidity[percent],CO2[ppm],Pressure[Pa],Latitude[deg],Longitude[deg],Altitude[m]']
INFO:root:10/16/17 16:49:12,26.64,31.59,579.0,0.0,---,---,---
DEBUG:root:reconnecting to port COM233
INFO:root:setting offline mode...
INFO:root:reading files on SD card...
INFO:root:*************************
INFO:root:***Initialized - appmode RTC***
INFO:root:eggserial egg0080420938080132, eggtype CO2, firmware version 2.2.2
INFO:root:wdpass True, slotpass True,  spipass True, sdpass True, sht25pass True, rtcpass True, esppass True 
INFO:root:PASSED all self tests
INFO:root:setting NTP time...
INFO:root:FAIL - tz offset: -4.000000000  NTP set: False
INFO:root:restarting...
INFO:root:Connected to "WickedDevice"...OK.
DEBUG:root:debug: ntp test
INFO:root:publishing online mqtt data
INFO:root:['Timestamp,Temperature[degC],Humidity[percent],CO2[ppm],Pressure[Pa],Latitude[deg],Longitude[deg],Altitude[m]']
INFO:root:10/16/17 16:54:27,26.69,31.67,634.0,0.0,---,---,---
DEBUG:root:reconnecting to port COM233
INFO:root:setting offline mode...
INFO:root:reading files on SD card...
DEBUG:root:deleted all csv files from SD...
INFO:root:restarting...
INFO:root:writing offline data to SD
INFO:root:['Timestamp,Temperature[degC],Humidity[percent],CO2[ppm],Pressure[Pa],Latitude[deg],Longitude[deg],Altitude[m]']
INFO:root:10/16/17 16:55:23,26.68,31.63,571.0,0.0,---,---,---
INFO:root:10/16/17 16:56:23,26.66,31.95,582.4,---,---,---,---
INFO:root:restarting...
DEBUG:root:reconnecting to port COM233
INFO:root:reading files on SD card...
DEBUG:root:Finished downloading...
DEBUG:root:deleted all csv files from SD...
INFO:root:egg0080420938080132
INFO:root:
INFO:root:
INFO:root:PASS
INFO:root:Firmware version 2.2.2
INFO:root:PASS
INFO:root:tz set to -4.000000000
INFO:root:FAIL - NTP time differs from local time
INFO:root:FAIL - real time clock incorrect
INFO:root:FAIL - tz offset: -4.000000000  NTP set: False
INFO:root:PASS - all self tests okay
INFO:root:PASS - connected successfully to wifi
INFO:root:PASS - connected successfully to MQTT
INFO:root:PASS - egg passes all tests.  Ready to pack
INFO:root:***************************************
INFO:root: 
INFO:root: 
INFO:root:*************************
INFO:root:***Initialized - appmode RTC***
INFO:root:*************************
INFO:root:***Initialized - appmode RTC***
INFO:root:eggserial egg0080420938080132, eggtype CO2, firmware version 2.2.2
INFO:root:wdpass True, slotpass True,  spipass True, sdpass True, sht25pass True, rtcpass True, esppass True 
INFO:root:PASSED all self tests
INFO:root:setting NTP time...
INFO:root:FAIL - tz offset: -4.000000000  NTP set: False
INFO:root:restarting...
INFO:root:Connected to "WickedDevice"...OK.
DEBUG:root:debug: ntp test
DEBUG:root:17:16:28
DEBUG:root:17:14:40
DEBUG:root:16
DEBUG:root:14
DEBUG:root:Debug!  time is within 5 mins of system time
INFO:root:PASS - tz offset: -4.000000000  NTP set: True
INFO:root:publishing online mqtt data
INFO:root:['Timestamp,Temperature[degC],Humidity[percent],CO2[ppm],Pressure[Pa],Latitude[deg],Longitude[deg],Altitude[m]']
INFO:root:10/16/17 17:14:48,27.09,31.72,543.0,0.0,---,---,---
DEBUG:root:reconnecting to port COM233
INFO:root:setting offline mode...
INFO:root:reading files on SD card...
DEBUG:root:deleted all csv files from SD...
INFO:root:restarting...
INFO:root:*************************
INFO:root:***Initialized - appmode RTC***
INFO:root:eggserial egg0080420938080132, eggtype CO2, firmware version 2.2.2
INFO:root:wdpass True, slotpass True,  spipass True, sdpass True, sht25pass True, rtcpass True, esppass True 
INFO:root:PASSED all self tests
INFO:root:setting NTP time...
INFO:root:FAIL - tz offset: -4.000000000  NTP set: False
INFO:root:restarting...
INFO:root:Connected to "WickedDevice"...OK.
DEBUG:root:debug: ntp test
DEBUG:root:17:22:00
DEBUG:root:17:23:12
DEBUG:root:22
DEBUG:root:23
DEBUG:root:Debug!  time is within 5 mins of system time
INFO:root:PASS - tz offset: -4.000000000  NTP set: True
INFO:root:publishing online mqtt data
INFO:root:['Timestamp,Temperature[degC],Humidity[percent],CO2[ppm],Pressure[Pa],Latitude[deg],Longitude[deg],Altitude[m]']
INFO:root:10/16/17 17:23:20,27.06,31.24,539.0,0.0,---,---,---
DEBUG:root:reconnecting to port COM233
INFO:root:setting offline mode...
INFO:root:reading files on SD card...
DEBUG:root:deleted all csv files from SD...
INFO:root:restarting...
INFO:root:writing offline data to SD
INFO:root:['Timestamp,Temperature[degC],Humidity[percent],CO2[ppm],Pressure[Pa],Latitude[deg],Longitude[deg],Altitude[m]']
INFO:root:10/16/17 17:25:18,27.01,31.75,530.0,0.0,---,---,---
INFO:root:10/16/17 17:26:18,26.98,31.07,524.7,---,---,---,---
INFO:root:restarting...
DEBUG:root:reconnecting to port COM233
INFO:root:reading files on SD card...
DEBUG:root:Finished downloading...
DEBUG:root:deleted all csv files from SD...
INFO:root:egg0080420938080132
INFO:root:
INFO:root:
INFO:root:PASS
INFO:root:Firmware version 2.2.2
INFO:root:PASS
INFO:root:tz set to -4.000000000
INFO:root:PASS - NTP time is correct
INFO:root:PASS - real time clock set up and correct
INFO:root:PASS - tz offset: -4.000000000  NTP set: True
INFO:root:PASS - all self tests okay
INFO:root:PASS - connected successfully to wifi
INFO:root:PASS - connected successfully to MQTT
INFO:root:PASS - egg passes all tests.  Ready to pack
INFO:root:***************************************
INFO:root: 
INFO:root: 
INFO:root:*************************
INFO:root:***Initialized - appmode RTC***
INFO:root:eggserial egg00804131670b0133, eggtype CO2, firmware version 2.2.2
INFO:root:wdpass True, slotpass True,  spipass True, sdpass True, sht25pass True, rtcpass True, esppass True 
INFO:root:PASSED all self tests
INFO:root:setting NTP time...
INFO:root:PASS - tz offset: -4.000000000  NTP set: True
INFO:root:restarting...
INFO:root:Connected to "WickedDevice"...OK.
DEBUG:root:debug: ntp test
DEBUG:root:17:27:14
DEBUG:root:17:27:28
DEBUG:root:27
DEBUG:root:27
DEBUG:root:Debug!  time is within 5 mins of system time
INFO:root:PASS - tz offset: -4.000000000  NTP set: True
INFO:root:writing offline data to SD
INFO:root:['Timestamp,Temperature[degC],Humidity[percent],CO2[ppm],Pressure[Pa],Latitude[deg],Longitude[deg],Altitude[m]']
INFO:root:10/16/17 17:27:36,23.98,37.43,544.0,0.0,---,---,---
DEBUG:root:reconnecting to port COM233
INFO:root:setting offline mode...
INFO:root:reading files on SD card...
DEBUG:root:deleted all csv files from SD...
INFO:root:restarting...
INFO:root:writing offline data to SD
INFO:root:['Timestamp,Temperature[degC],Humidity[percent],CO2[ppm],Pressure[Pa],Latitude[deg],Longitude[deg],Altitude[m]']
INFO:root:10/16/17 17:29:22,24.10,36.50,537.0,0.0,---,---,---
INFO:root:restarting...
DEBUG:root:reconnecting to port COM233
INFO:root:reading files on SD card...
DEBUG:root:Finished downloading...
DEBUG:root:deleted all csv files from SD...
INFO:root:egg00804131670b0133
INFO:root:
INFO:root:
INFO:root:PASS
INFO:root:Firmware version 2.2.2
INFO:root:PASS
INFO:root:tz set to -4.000000000
INFO:root:PASS - NTP time is correct
INFO:root:PASS - real time clock set up and correct
INFO:root:PASS - tz offset: -4.000000000  NTP set: True
INFO:root:PASS - all self tests okay
INFO:root:PASS - connected successfully to wifi
INFO:root:PASS - connected successfully to MQTT
INFO:root:PASS - egg passes all tests.  Ready to pack
INFO:root:***************************************
INFO:root: 
INFO:root: 
INFO:root:*************************
INFO:root:***Initialized - appmode RTC***
INFO:root:eggserial egg00804222101b0123, eggtype CO2, firmware version 2.2.2
INFO:root:wdpass True, slotpass True,  spipass True, sdpass True, sht25pass True, rtcpass True, esppass True 
INFO:root:PASSED all self tests
INFO:root:setting NTP time...
INFO:root:PASS - tz offset: -4.000000000  NTP set: True
INFO:root:restarting...
INFO:root:Connected to "WickedDevice"...OK.
DEBUG:root:debug: ntp test
DEBUG:root:17:39:14
DEBUG:root:17:40:16
DEBUG:root:39
DEBUG:root:40
DEBUG:root:Debug!  time is within 5 mins of system time
INFO:root:PASS - tz offset: -4.000000000  NTP set: True
INFO:root:writing offline data to SD
INFO:root:['Timestamp,Temperature[degC],Humidity[percent],CO2[ppm],Pressure[Pa],Latitude[deg],Longitude[deg],Altitude[m]']
INFO:root:10/16/17 17:40:24,25.76,34.41,529.0,0.0,---,---,---
DEBUG:root:reconnecting to port COM233
INFO:root:setting offline mode...
INFO:root:reading files on SD card...
DEBUG:root:deleted all csv files from SD...
INFO:root:restarting...
INFO:root:writing offline data to SD
INFO:root:['Timestamp,Temperature[degC],Humidity[percent],CO2[ppm],Pressure[Pa],Latitude[deg],Longitude[deg],Altitude[m]']
INFO:root:10/16/17 17:42:00,26.02,34.42,525.0,0.0,---,---,---
INFO:root:restarting...
DEBUG:root:reconnecting to port COM233
INFO:root:reading files on SD card...
DEBUG:root:Finished downloading...
DEBUG:root:deleted all csv files from SD...
INFO:root:egg00804222101b0123
INFO:root:
INFO:root:
INFO:root:PASS
INFO:root:Firmware version 2.2.2
INFO:root:PASS
INFO:root:tz set to -4.000000000
INFO:root:PASS - NTP time is correct
INFO:root:PASS - real time clock set up and correct
INFO:root:PASS - tz offset: -4.000000000  NTP set: True
INFO:root:PASS - all self tests okay
INFO:root:PASS - connected successfully to wifi
INFO:root:PASS - connected successfully to MQTT
INFO:root:PASS - egg passes all tests.  Ready to pack
INFO:root:***************************************
INFO:root: 
INFO:root: 
INFO:root:*************************
INFO:root:***Initialized - appmode RTC***
INFO:root:*************************
INFO:root:***Initialized - appmode RTC***
INFO:root:eggserial egg008042ad25080131, eggtype CO2, firmware version 2.2.2
INFO:root:wdpass True, slotpass True,  spipass True, sdpass True, sht25pass True, rtcpass True, esppass True 
INFO:root:PASSED all self tests
INFO:root:setting NTP time...
INFO:root:FAIL - tz offset: -4.000000000  NTP set: False
INFO:root:restarting...
INFO:root:Connected to "WickedDevice"...OK.
DEBUG:root:debug: ntp test
INFO:root:publishing online mqtt data
INFO:root:['Timestamp,Temperature[degC],Humidity[percent],CO2[ppm],Pressure[Pa],Latitude[deg],Longitude[deg],Altitude[m]']
INFO:root:10/16/17 18:02:15,25.70,33.06,513.0,0.0,---,---,---
DEBUG:root:reconnecting to port /dev/ttyUSB1
INFO:root:setting offline mode...
INFO:root:reading files on SD card...
DEBUG:root:deleted all csv files from SD...
INFO:root:restarting...
INFO:root:writing offline data to SD
INFO:root:['Timestamp,Temperature[degC],Humidity[percent],CO2[ppm],Pressure[Pa],Latitude[deg],Longitude[deg],Altitude[m]']
INFO:root:10/16/17 18:05:50,25.59,33.32,514.0,0.0,---,---,---
INFO:root:10/16/17 18:06:50,25.58,33.32,512.2,---,---,---,---
INFO:root:restarting...
DEBUG:root:reconnecting to port /dev/ttyUSB1
INFO:root:reading files on SD card...
INFO:root:*************************
INFO:root:***Initialized - appmode RTC***
INFO:root:eggserial egg00804250e7080130, eggtype CO2, firmware version 2.2.2
INFO:root:wdpass True, slotpass True,  spipass True, sdpass True, sht25pass True, rtcpass True, esppass True 
INFO:root:PASSED all self tests
INFO:root:setting NTP time...
INFO:root:FAIL - tz offset: -4.000000000  NTP set: False
INFO:root:restarting...
INFO:root:Connected to "WickedDevice"...OK.
DEBUG:root:debug: ntp test
DEBUG:root:18:15:13
DEBUG:root:18:14:24
DEBUG:root:15
DEBUG:root:14
DEBUG:root:Debug!  time is within 5 mins of system time
INFO:root:PASS - tz offset: -4.000000000  NTP set: True
INFO:root:publishing online mqtt data
INFO:root:['Timestamp,Temperature[degC],Humidity[percent],CO2[ppm],Pressure[Pa],Latitude[deg],Longitude[deg],Altitude[m]']
INFO:root:10/16/17 18:14:32,24.85,31.54,484.0,0.0,---,---,---
DEBUG:root:reconnecting to port /dev/ttyUSB0
INFO:root:setting offline mode...
INFO:root:reading files on SD card...
DEBUG:root:deleted all csv files from SD...
INFO:root:restarting...
INFO:root:writing offline data to SD
INFO:root:['Timestamp,Temperature[degC],Humidity[percent],CO2[ppm],Pressure[Pa],Latitude[deg],Longitude[deg],Altitude[m]']
INFO:root:10/16/17 18:18:08,25.26,31.47,505.0,0.0,---,---,---
INFO:root:10/16/17 18:19:07,25.36,31.54,503.2,0.0,---,---,---
INFO:root:restarting...
DEBUG:root:reconnecting to port /dev/ttyUSB0
INFO:root:reading files on SD card...
DEBUG:root:Finished downloading...
INFO:root:reading files on SD card...
DEBUG:root:deleted all csv files from SD...
DEBUG:root:deleted all csv files from SD...
INFO:root:egg00804250e7080130
INFO:root:
INFO:root:
INFO:root:PASS
INFO:root:Firmware version 2.2.2
INFO:root:PASS
INFO:root:tz set to -4.000000000
INFO:root:PASS - NTP time is correct
INFO:root:PASS - real time clock set up and correct
INFO:root:PASS - tz offset: -4.000000000  NTP set: True
INFO:root:PASS - all self tests okay
INFO:root:PASS - connected successfully to wifi
INFO:root:PASS - connected successfully to MQTT
INFO:root:PASS - egg passes all tests.  Ready to pack
INFO:root:***************************************
INFO:root: 
INFO:root: 
